/bin/sh: 1: root: not found
ERROR:root:Erreur lors du pipeline : Cannot save file into a non-existent directory: 'data/clean'
ok
Données JSON enregistrées dans ../data/raw/London_weather_data.json
1 enregistrements chargés dans DuckDB.
/bin/sh: 1: root: not found
ERROR:root:Erreur lors du pipeline : Cannot save file into a non-existent directory: 'data/clean'
ok
Données JSON enregistrées dans ../data/raw/London_weather_data.json
1 enregistrements chargés dans DuckDB.
/bin/sh: 1: root: not found
ok
Données JSON enregistrées dans ../data/raw/London_weather_data.json
1 enregistrements chargés dans DuckDB.
/bin/sh: 1: root: not found
ok
Données JSON enregistrées dans ../data/raw/London_weather_data.json
1 enregistrements chargés dans DuckDB.
/bin/sh: 1: root: not found
ok
Données JSON enregistrées dans ../data/raw/London_weather_data.json
1 enregistrements chargés dans DuckDB.
